number,value,datetime_start,datetime_complete,duration,params_batch_size,params_hidden_dim,params_lr,params_window_size,user_attrs_group,user_attrs_model,user_attrs_timestamp,state
0,0.023041668,05:05.5,21:56.2,0 days 00:16:50.657951,32,256,0.0001,10,"['Group 2_air gasification', 'Group 3_steam gasification', 'Group 4_CO2 gasification', 'Group 5_O2steam gasification']",gru,20250214_150505,COMPLETE
1,0.072425452,21:56.2,29:42.0,0 days 00:07:45.823192,16,128,0.01,20,"['Group 2_air gasification', 'Group 3_steam gasification', 'Group 4_CO2 gasification', 'Group 5_O2steam gasification']",gru,20250214_152156,COMPLETE
2,0.03898769,29:42.0,57:30.7,0 days 00:27:48.672162,16,128,0.0001,5,"['Group 2_air gasification', 'Group 3_steam gasification', 'Group 4_CO2 gasification', 'Group 5_O2steam gasification']",gru,20250214_152942,COMPLETE
3,0.013586058,57:30.7,10:24.3,0 days 00:12:53.616159,16,256,0.001,30,"['Group 2_air gasification', 'Group 3_steam gasification', 'Group 4_CO2 gasification', 'Group 5_O2steam gasification']",gru,20250214_155730,COMPLETE
4,0.008819936,10:24.3,26:57.0,0 days 00:16:32.662747,16,128,0.001,10,"['Group 2_air gasification', 'Group 3_steam gasification', 'Group 4_CO2 gasification', 'Group 5_O2steam gasification']",gru,20250214_161024,COMPLETE
5,0.0173938,26:57.0,40:42.5,0 days 00:13:45.518964,16,128,0.001,5,"['Group 2_air gasification', 'Group 3_steam gasification', 'Group 4_CO2 gasification', 'Group 5_O2steam gasification']",gru,20250214_162656,COMPLETE
6,0.028863367,40:42.5,48:26.5,0 days 00:07:44.013274,128,256,0.001,20,"['Group 2_air gasification', 'Group 3_steam gasification', 'Group 4_CO2 gasification', 'Group 5_O2steam gasification']",gru,20250214_164042,COMPLETE
7,0.008354028,48:26.5,03:51.8,0 days 00:15:25.308122,16,256,0.001,20,"['Group 2_air gasification', 'Group 3_steam gasification', 'Group 4_CO2 gasification', 'Group 5_O2steam gasification']",gru,20250214_164826,COMPLETE
8,0.028729594,03:51.8,10:29.7,0 days 00:06:37.887673,128,128,0.001,20,"['Group 2_air gasification', 'Group 3_steam gasification', 'Group 4_CO2 gasification', 'Group 5_O2steam gasification']",gru,20250214_170351,COMPLETE
9,0.016992768,10:29.7,40:58.9,0 days 00:30:29.159536,16,256,0.0001,20,"['Group 2_air gasification', 'Group 3_steam gasification', 'Group 4_CO2 gasification', 'Group 5_O2steam gasification']",gru,20250214_171029,COMPLETE
10,0.023043109,40:58.9,47:41.8,0 days 00:06:42.968001,64,256,0.01,30,"['Group 2_air gasification', 'Group 3_steam gasification', 'Group 4_CO2 gasification', 'Group 5_O2steam gasification']",gru,20250214_174058,COMPLETE
11,0.008250207,47:41.8,56:26.8,0 days 00:08:44.981633,32,128,0.001,10,"['Group 2_air gasification', 'Group 3_steam gasification', 'Group 4_CO2 gasification', 'Group 5_O2steam gasification']",gru,20250214_174741,COMPLETE
12,0.031369875,56:26.8,04:14.2,0 days 00:07:47.419603,32,256,0.001,10,"['Group 2_air gasification', 'Group 3_steam gasification', 'Group 4_CO2 gasification', 'Group 5_O2steam gasification']",gru,20250214_175626,COMPLETE
13,0.022997433,04:14.2,13:36.2,0 days 00:09:22.010862,32,128,0.001,10,"['Group 2_air gasification', 'Group 3_steam gasification', 'Group 4_CO2 gasification', 'Group 5_O2steam gasification']",gru,20250214_180414,COMPLETE
14,0.017534089,13:36.2,22:52.6,0 days 00:09:16.404287,64,128,0.001,20,"['Group 2_air gasification', 'Group 3_steam gasification', 'Group 4_CO2 gasification', 'Group 5_O2steam gasification']",gru,20250214_181336,COMPLETE
15,0.041555146,22:52.6,30:06.9,0 days 00:07:14.216525,32,256,0.01,10,"['Group 2_air gasification', 'Group 3_steam gasification', 'Group 4_CO2 gasification', 'Group 5_O2steam gasification']",gru,20250214_182252,COMPLETE
16,0.012608541,30:06.9,40:01.3,0 days 00:09:54.402124,32,256,0.001,5,"['Group 2_air gasification', 'Group 3_steam gasification', 'Group 4_CO2 gasification', 'Group 5_O2steam gasification']",gru,20250214_183006,COMPLETE
17,0.011130498,40:01.3,48:28.8,0 days 00:08:27.569668,64,128,0.001,30,"['Group 2_air gasification', 'Group 3_steam gasification', 'Group 4_CO2 gasification', 'Group 5_O2steam gasification']",gru,20250214_184001,COMPLETE
18,0.026243219,48:28.8,58:59.4,0 days 00:10:30.521803,128,256,0.0001,20,"['Group 2_air gasification', 'Group 3_steam gasification', 'Group 4_CO2 gasification', 'Group 5_O2steam gasification']",gru,20250214_184828,COMPLETE
19,0.024174609,58:59.4,08:07.8,0 days 00:09:08.450344,32,128,0.01,10,"['Group 2_air gasification', 'Group 3_steam gasification', 'Group 4_CO2 gasification', 'Group 5_O2steam gasification']",gru,20250214_185859,COMPLETE
20,0.011534195,08:07.8,18:49.1,0 days 00:10:41.341011,16,256,0.001,10,"['Group 2_air gasification', 'Group 3_steam gasification', 'Group 4_CO2 gasification', 'Group 5_O2steam gasification']",gru,20250214_190807,COMPLETE
21,0.01323946,18:49.1,33:03.1,0 days 00:14:13.995392,16,128,0.001,10,"['Group 2_air gasification', 'Group 3_steam gasification', 'Group 4_CO2 gasification', 'Group 5_O2steam gasification']",gru,20250214_191849,COMPLETE
22,0.013352552,33:03.1,51:34.5,0 days 00:18:31.402373,16,128,0.001,10,"['Group 2_air gasification', 'Group 3_steam gasification', 'Group 4_CO2 gasification', 'Group 5_O2steam gasification']",gru,20250214_193303,COMPLETE
23,0.016706549,51:34.5,04:44.3,0 days 00:13:09.710569,16,128,0.001,10,"['Group 2_air gasification', 'Group 3_steam gasification', 'Group 4_CO2 gasification', 'Group 5_O2steam gasification']",gru,20250214_195134,COMPLETE
24,0.011446781,04:44.3,15:38.0,0 days 00:10:53.786554,16,128,0.001,10,"['Group 2_air gasification', 'Group 3_steam gasification', 'Group 4_CO2 gasification', 'Group 5_O2steam gasification']",gru,20250214_200444,COMPLETE
25,0.008482763,15:38.0,25:12.5,0 days 00:09:34.410712,32,128,0.001,20,"['Group 2_air gasification', 'Group 3_steam gasification', 'Group 4_CO2 gasification', 'Group 5_O2steam gasification']",gru,20250214_201538,COMPLETE
26,0.010860335,25:12.5,35:59.5,0 days 00:10:47.086700,32,128,0.001,20,"['Group 2_air gasification', 'Group 3_steam gasification', 'Group 4_CO2 gasification', 'Group 5_O2steam gasification']",gru,20250214_202512,COMPLETE
27,0.017187579,35:59.5,44:38.9,0 days 00:08:39.322731,32,128,0.001,20,"['Group 2_air gasification', 'Group 3_steam gasification', 'Group 4_CO2 gasification', 'Group 5_O2steam gasification']",gru,20250214_203559,COMPLETE
28,0.020888659,44:38.9,59:45.3,0 days 00:15:06.483242,32,256,0.0001,20,"['Group 2_air gasification', 'Group 3_steam gasification', 'Group 4_CO2 gasification', 'Group 5_O2steam gasification']",gru,20250214_204438,COMPLETE
29,0.141326943,59:45.3,06:25.0,0 days 00:06:39.686741,32,256,0.01,20,"['Group 2_air gasification', 'Group 3_steam gasification', 'Group 4_CO2 gasification', 'Group 5_O2steam gasification']",gru,20250214_205945,COMPLETE
30,0.071604918,06:25.0,24:23.1,0 days 00:17:58.092144,32,128,0.0001,5,"['Group 2_air gasification', 'Group 3_steam gasification', 'Group 4_CO2 gasification', 'Group 5_O2steam gasification']",gru,20250214_210625,COMPLETE
31,0.039379663,24:23.1,31:16.5,0 days 00:06:53.332459,128,128,0.001,10,"['Group 2_air gasification', 'Group 3_steam gasification', 'Group 4_CO2 gasification', 'Group 5_O2steam gasification']",gru,20250214_212423,COMPLETE
32,0.014867013,31:16.5,43:34.7,0 days 00:12:18.249561,16,128,0.001,20,"['Group 2_air gasification', 'Group 3_steam gasification', 'Group 4_CO2 gasification', 'Group 5_O2steam gasification']",gru,20250214_213116,COMPLETE
33,0.017633776,43:34.7,52:31.2,0 days 00:08:56.444794,64,128,0.001,30,"['Group 2_air gasification', 'Group 3_steam gasification', 'Group 4_CO2 gasification', 'Group 5_O2steam gasification']",gru,20250214_214334,COMPLETE
34,0.015326207,52:31.2,06:29.2,0 days 00:13:58.041931,16,128,0.001,10,"['Group 2_air gasification', 'Group 3_steam gasification', 'Group 4_CO2 gasification', 'Group 5_O2steam gasification']",gru,20250214_215231,COMPLETE
35,0.007912964,06:29.2,17:43.1,0 days 00:11:13.949216,32,128,0.001,20,"['Group 2_air gasification', 'Group 3_steam gasification', 'Group 4_CO2 gasification', 'Group 5_O2steam gasification']",gru,20250214_220629,COMPLETE
36,0.020238356,17:43.1,27:27.3,0 days 00:09:44.194535,32,128,0.001,20,"['Group 2_air gasification', 'Group 3_steam gasification', 'Group 4_CO2 gasification', 'Group 5_O2steam gasification']",gru,20250214_221743,COMPLETE
37,0.011429884,27:27.3,36:44.3,0 days 00:09:16.992079,32,128,0.01,20,"['Group 2_air gasification', 'Group 3_steam gasification', 'Group 4_CO2 gasification', 'Group 5_O2steam gasification']",gru,20250214_222727,COMPLETE
38,0.019660541,36:44.3,45:55.9,0 days 00:09:11.539269,32,256,0.001,20,"['Group 2_air gasification', 'Group 3_steam gasification', 'Group 4_CO2 gasification', 'Group 5_O2steam gasification']",gru,20250214_223644,COMPLETE
39,0.073705199,45:55.9,01:06.7,0 days 00:15:10.785504,32,128,0.0001,5,"['Group 2_air gasification', 'Group 3_steam gasification', 'Group 4_CO2 gasification', 'Group 5_O2steam gasification']",gru,20250214_224555,COMPLETE
40,0.021671493,01:06.7,09:15.2,0 days 00:08:08.514589,128,128,0.001,20,"['Group 2_air gasification', 'Group 3_steam gasification', 'Group 4_CO2 gasification', 'Group 5_O2steam gasification']",gru,20250214_230106,COMPLETE
41,0.00834623,09:15.2,23:19.9,0 days 00:14:04.757555,16,128,0.001,20,"['Group 2_air gasification', 'Group 3_steam gasification', 'Group 4_CO2 gasification', 'Group 5_O2steam gasification']",gru,20250214_230915,COMPLETE
42,0.012593839,23:19.9,40:18.0,0 days 00:16:58.086923,16,128,0.001,20,"['Group 2_air gasification', 'Group 3_steam gasification', 'Group 4_CO2 gasification', 'Group 5_O2steam gasification']",gru,20250214_232319,COMPLETE
43,0.013807885,40:18.0,52:57.8,0 days 00:12:39.786116,16,128,0.001,20,"['Group 2_air gasification', 'Group 3_steam gasification', 'Group 4_CO2 gasification', 'Group 5_O2steam gasification']",gru,20250214_234018,COMPLETE
44,0.010451549,52:57.8,03:46.2,0 days 00:10:48.391325,32,128,0.001,20,"['Group 2_air gasification', 'Group 3_steam gasification', 'Group 4_CO2 gasification', 'Group 5_O2steam gasification']",gru,20250214_235257,COMPLETE
45,0.01571412,03:46.2,19:59.2,0 days 00:16:12.994758,16,256,0.001,20,"['Group 2_air gasification', 'Group 3_steam gasification', 'Group 4_CO2 gasification', 'Group 5_O2steam gasification']",gru,20250215_000346,COMPLETE
46,0.014874005,19:59.2,28:18.6,0 days 00:08:19.437461,64,128,0.001,30,"['Group 2_air gasification', 'Group 3_steam gasification', 'Group 4_CO2 gasification', 'Group 5_O2steam gasification']",gru,20250215_001959,COMPLETE
47,0.012268832,28:18.6,38:58.2,0 days 00:10:39.604124,32,256,0.001,20,"['Group 2_air gasification', 'Group 3_steam gasification', 'Group 4_CO2 gasification', 'Group 5_O2steam gasification']",gru,20250215_002818,COMPLETE
48,0.017346666,38:58.2,48:15.8,0 days 00:09:17.577348,32,128,0.01,20,"['Group 2_air gasification', 'Group 3_steam gasification', 'Group 4_CO2 gasification', 'Group 5_O2steam gasification']",gru,20250215_003858,COMPLETE
49,0.01970153,48:15.8,57:01.7,0 days 00:08:45.847951,128,128,0.001,5,"['Group 2_air gasification', 'Group 3_steam gasification', 'Group 4_CO2 gasification', 'Group 5_O2steam gasification']",gru,20250215_004815,COMPLETE
50,0.014995055,57:01.7,27:00.5,0 days 00:29:58.817222,16,256,0.0001,20,"['Group 2_air gasification', 'Group 3_steam gasification', 'Group 4_CO2 gasification', 'Group 5_O2steam gasification']",gru,20250215_005701,COMPLETE
51,0.011731705,27:00.5,40:46.1,0 days 00:13:45.602541,16,128,0.001,10,"['Group 2_air gasification', 'Group 3_steam gasification', 'Group 4_CO2 gasification', 'Group 5_O2steam gasification']",gru,20250215_012700,COMPLETE
52,0.00923859,40:46.1,54:01.9,0 days 00:13:15.839232,16,128,0.001,10,"['Group 2_air gasification', 'Group 3_steam gasification', 'Group 4_CO2 gasification', 'Group 5_O2steam gasification']",gru,20250215_014046,COMPLETE
53,0.013809405,54:01.9,10:29.6,0 days 00:16:27.638110,16,128,0.001,30,"['Group 2_air gasification', 'Group 3_steam gasification', 'Group 4_CO2 gasification', 'Group 5_O2steam gasification']",gru,20250215_015401,COMPLETE
54,0.025239324,10:29.6,23:29.5,0 days 00:12:59.978622,16,128,0.001,10,"['Group 2_air gasification', 'Group 3_steam gasification', 'Group 4_CO2 gasification', 'Group 5_O2steam gasification']",gru,20250215_021029,COMPLETE
55,0.012981091,23:29.5,33:16.7,0 days 00:09:47.157715,64,128,0.001,20,"['Group 2_air gasification', 'Group 3_steam gasification', 'Group 4_CO2 gasification', 'Group 5_O2steam gasification']",gru,20250215_022329,COMPLETE
56,0.021794296,33:16.7,43:02.5,0 days 00:09:45.767501,32,256,0.001,10,"['Group 2_air gasification', 'Group 3_steam gasification', 'Group 4_CO2 gasification', 'Group 5_O2steam gasification']",gru,20250215_023316,COMPLETE
57,0.029821599,43:02.5,56:45.6,0 days 00:13:43.123226,16,128,0.001,20,"['Group 2_air gasification', 'Group 3_steam gasification', 'Group 4_CO2 gasification', 'Group 5_O2steam gasification']",gru,20250215_024302,COMPLETE
58,0.045707931,56:45.6,05:59.1,0 days 00:09:13.526969,32,128,0.01,5,"['Group 2_air gasification', 'Group 3_steam gasification', 'Group 4_CO2 gasification', 'Group 5_O2steam gasification']",gru,20250215_025645,COMPLETE
59,0.014375714,05:59.1,21:35.0,0 days 00:15:35.896737,16,256,0.001,10,"['Group 2_air gasification', 'Group 3_steam gasification', 'Group 4_CO2 gasification', 'Group 5_O2steam gasification']",gru,20250215_030559,COMPLETE
