number,value,datetime_start,datetime_complete,duration,params_batch_size,params_hidden_dim,params_lr,params_window_size,user_attrs_group,user_attrs_model,user_attrs_timestamp,state
0,1.021374927,11:46.7,17:49.9,0 days 00:06:03.239113,16,128,0.0001,10,Group 1_pyrolysis,rnn,20250217_201146,COMPLETE
1,3.266112148,17:49.9,19:22.9,0 days 00:01:32.989858,128,128,0.001,30,Group 1_pyrolysis,rnn,20250217_201749,COMPLETE
2,1.536114042,19:22.9,24:42.0,0 days 00:05:19.084500,16,256,0.0001,30,Group 1_pyrolysis,rnn,20250217_201922,COMPLETE
3,1.359857029,24:42.0,26:44.7,0 days 00:02:02.729667,64,256,0.001,20,Group 1_pyrolysis,rnn,20250217_202441,COMPLETE
4,2.042720694,26:44.7,28:42.8,0 days 00:01:58.048726,32,256,0.01,20,Group 1_pyrolysis,rnn,20250217_202644,COMPLETE
5,1.274479513,28:42.8,31:40.9,0 days 00:02:58.147435,32,128,0.001,20,Group 1_pyrolysis,rnn,20250217_202842,COMPLETE
6,1.004214866,31:40.9,34:45.3,0 days 00:03:04.344552,16,256,0.001,30,Group 1_pyrolysis,rnn,20250217_203140,COMPLETE
7,0.986249284,34:45.3,36:22.4,0 days 00:01:37.168619,128,256,0.01,30,Group 1_pyrolysis,rnn,20250217_203445,COMPLETE
8,1.922281002,36:22.4,37:50.6,0 days 00:01:28.135082,128,128,0.01,5,Group 1_pyrolysis,rnn,20250217_203622,COMPLETE
9,3.398571523,37:50.6,40:57.1,0 days 00:03:06.489481,16,256,0.01,30,Group 1_pyrolysis,rnn,20250217_203750,COMPLETE
10,0.931175655,40:57.1,42:20.3,0 days 00:01:23.246457,128,256,0.01,5,Group 1_pyrolysis,rnn,20250217_204057,COMPLETE
11,0.819360653,42:20.3,43:53.7,0 days 00:01:33.406095,128,256,0.01,5,Group 1_pyrolysis,rnn,20250217_204220,COMPLETE
12,1.163112471,43:53.7,45:22.2,0 days 00:01:28.513579,128,256,0.01,5,Group 1_pyrolysis,rnn,20250217_204353,COMPLETE
13,1.004298628,45:22.2,46:52.4,0 days 00:01:30.159955,128,256,0.01,5,Group 1_pyrolysis,rnn,20250217_204522,COMPLETE
14,0.896238607,46:52.4,48:37.1,0 days 00:01:44.756723,64,256,0.01,5,Group 1_pyrolysis,rnn,20250217_204652,COMPLETE
15,2.182818747,48:37.1,50:19.4,0 days 00:01:42.294730,64,256,0.01,5,Group 1_pyrolysis,rnn,20250217_204837,COMPLETE
16,1.634694984,50:19.4,52:37.3,0 days 00:02:17.912752,64,256,0.0001,10,Group 1_pyrolysis,rnn,20250217_205019,COMPLETE
17,0.734671791,52:37.3,54:19.3,0 days 00:01:41.932209,64,256,0.01,5,Group 1_pyrolysis,rnn,20250217_205237,COMPLETE
18,1.096632474,54:19.3,55:58.6,0 days 00:01:39.316312,64,128,0.01,5,Group 1_pyrolysis,rnn,20250217_205419,COMPLETE
19,2.091762612,55:58.6,58:14.1,0 days 00:02:15.487418,32,256,0.0001,5,Group 1_pyrolysis,rnn,20250217_205558,COMPLETE
20,1.026989274,58:14.1,59:57.9,0 days 00:01:43.795189,64,256,0.01,10,Group 1_pyrolysis,rnn,20250217_205814,COMPLETE
21,1.879792907,59:57.9,01:24.5,0 days 00:01:26.638806,64,256,0.01,5,Group 1_pyrolysis,rnn,20250217_205957,COMPLETE
22,1.05718823,01:24.5,03:20.2,0 days 00:01:55.694411,64,256,0.01,5,Group 1_pyrolysis,rnn,20250217_210124,COMPLETE
23,1.163010256,03:20.2,05:11.7,0 days 00:01:51.450833,64,256,0.01,5,Group 1_pyrolysis,rnn,20250217_210320,COMPLETE
24,1.275033047,05:11.7,06:42.6,0 days 00:01:30.978907,64,256,0.01,5,Group 1_pyrolysis,rnn,20250217_210511,COMPLETE
25,0.997571932,06:42.6,08:35.0,0 days 00:01:52.399560,64,256,0.01,5,Group 1_pyrolysis,rnn,20250217_210642,COMPLETE
26,1.128533815,08:35.0,10:09.0,0 days 00:01:33.974577,128,128,0.01,5,Group 1_pyrolysis,rnn,20250217_210835,COMPLETE
27,1.057222996,10:09.0,12:02.2,0 days 00:01:53.215550,32,256,0.01,5,Group 1_pyrolysis,rnn,20250217_211009,COMPLETE
28,1.05801923,12:02.2,13:57.2,0 days 00:01:54.947462,64,256,0.001,10,Group 1_pyrolysis,rnn,20250217_211202,COMPLETE
29,1.292443948,13:57.2,20:35.4,0 days 00:06:38.250099,16,128,0.0001,20,Group 1_pyrolysis,rnn,20250217_211357,COMPLETE
30,1.928955801,20:35.4,22:21.4,0 days 00:01:46.019878,128,256,0.0001,10,Group 1_pyrolysis,rnn,20250217_212035,COMPLETE
31,0.945247015,22:21.5,23:45.6,0 days 00:01:24.152074,128,256,0.01,5,Group 1_pyrolysis,rnn,20250217_212221,COMPLETE
32,2.839057342,23:45.6,25:10.8,0 days 00:01:25.150494,128,256,0.01,5,Group 1_pyrolysis,rnn,20250217_212345,COMPLETE
33,2.641940877,25:10.8,26:39.2,0 days 00:01:28.426856,128,256,0.01,5,Group 1_pyrolysis,rnn,20250217_212510,COMPLETE
34,5.059226106,26:39.2,28:05.0,0 days 00:01:25.831887,128,256,0.01,5,Group 1_pyrolysis,rnn,20250217_212639,COMPLETE
35,1.4620225,28:05.0,29:55.5,0 days 00:01:50.456982,128,256,0.001,5,Group 1_pyrolysis,rnn,20250217_212805,COMPLETE
36,1.071939879,29:55.5,31:25.8,0 days 00:01:30.340656,64,128,0.01,20,Group 1_pyrolysis,rnn,20250217_212955,COMPLETE
37,1.037867511,31:25.8,34:15.1,0 days 00:02:49.265686,16,256,0.001,30,Group 1_pyrolysis,rnn,20250217_213125,COMPLETE
38,0.925314113,34:15.1,36:16.5,0 days 00:02:01.447156,32,256,0.01,5,Group 1_pyrolysis,rnn,20250217_213415,COMPLETE
39,1.689020102,36:16.5,39:11.9,0 days 00:02:55.325881,32,128,0.0001,20,Group 1_pyrolysis,rnn,20250217_213616,COMPLETE
40,1.881754901,39:11.9,41:07.0,0 days 00:01:55.165371,32,256,0.01,30,Group 1_pyrolysis,rnn,20250217_213911,COMPLETE
41,1.657816094,41:07.0,43:09.7,0 days 00:02:02.655109,32,256,0.01,5,Group 1_pyrolysis,rnn,20250217_214107,COMPLETE
42,0.859395069,43:09.7,45:15.3,0 days 00:02:05.589588,32,256,0.01,5,Group 1_pyrolysis,rnn,20250217_214309,COMPLETE
43,1.388832745,45:15.3,47:03.4,0 days 00:01:48.128994,32,256,0.01,5,Group 1_pyrolysis,rnn,20250217_214515,COMPLETE
44,1.556861048,47:03.4,49:17.0,0 days 00:02:13.571498,32,256,0.01,5,Group 1_pyrolysis,rnn,20250217_214703,COMPLETE
45,1.271936554,49:17.0,51:16.0,0 days 00:01:59.003748,32,256,0.01,5,Group 1_pyrolysis,rnn,20250217_214916,COMPLETE
46,1.485691277,51:16.0,53:40.2,0 days 00:02:24.185985,32,256,0.001,5,Group 1_pyrolysis,rnn,20250217_215115,COMPLETE
47,1.449116836,53:40.2,55:49.5,0 days 00:02:09.311746,32,256,0.01,5,Group 1_pyrolysis,rnn,20250217_215340,COMPLETE
48,2.58170075,55:49.5,58:09.7,0 days 00:02:20.216968,16,256,0.01,30,Group 1_pyrolysis,rnn,20250217_215549,COMPLETE
49,0.965197202,58:09.7,00:13.0,0 days 00:02:03.284704,32,128,0.01,20,Group 1_pyrolysis,rnn,20250217_215809,COMPLETE
50,1.066983851,00:13.0,01:57.6,0 days 00:01:44.673591,64,256,0.01,10,Group 1_pyrolysis,rnn,20250217_220012,COMPLETE
51,1.083628184,01:57.6,03:19.6,0 days 00:01:21.929682,128,256,0.01,5,Group 1_pyrolysis,rnn,20250217_220157,COMPLETE
52,1.245087935,03:19.6,04:41.4,0 days 00:01:21.798942,128,256,0.01,5,Group 1_pyrolysis,rnn,20250217_220319,COMPLETE
53,1.332358478,04:41.4,06:10.4,0 days 00:01:29.050175,64,256,0.01,5,Group 1_pyrolysis,rnn,20250217_220441,COMPLETE
54,1.469322083,06:10.4,07:39.9,0 days 00:01:29.454904,128,256,0.01,5,Group 1_pyrolysis,rnn,20250217_220610,COMPLETE
55,1.055832036,07:39.9,09:16.0,0 days 00:01:36.129626,64,256,0.01,5,Group 1_pyrolysis,rnn,20250217_220739,COMPLETE
56,1.064232878,09:16.0,11:53.5,0 days 00:02:37.453102,32,256,0.0001,5,Group 1_pyrolysis,rnn,20250217_220916,COMPLETE
57,1.688208505,11:53.5,13:37.5,0 days 00:01:44.032280,64,256,0.01,5,Group 1_pyrolysis,rnn,20250217_221153,COMPLETE
58,1.823918238,13:37.5,16:23.3,0 days 00:02:45.807529,16,256,0.01,5,Group 1_pyrolysis,rnn,20250217_221337,COMPLETE
59,1.204054815,16:23.3,17:50.3,0 days 00:01:26.959456,128,256,0.001,5,Group 1_pyrolysis,rnn,20250217_221623,COMPLETE
